app/build/intermediates/manifest_merge_blame_file/release/manifest-merger-blame-release-report.txt
1<?xml version="1.0" encoding="utf-8"?>
2<manifest xmlns:android="http://schemas.android.com/apk/res/android"
3    package="com.fieldmobility.igl"
4    android:versionCode="20037"
5    android:versionName="3.7" >
6
7    <uses-sdk
8        android:minSdkVersion="24"
8-->src\main\AndroidManifest.xml
9        android:targetSdkVersion="33" />
9-->src\main\AndroidManifest.xml
10    <!--
11        <uses-permission android:name="android.permission.INTERNET" />
12        <uses-permission android:name="android.permission.ACCESS_COARSE_LOCATION" />
13        <uses-permission android:name="android.permission.ACCESS_FINE_LOCATION" />
14        <uses-permission android:name="android.permission.ACCESS_NETWORK_STATE" />
15    -->
16    <uses-permission android:name="android.permission.ACCESS_FINE_LOCATION" />
16-->src\main\AndroidManifest.xml:11:5-79
16-->src\main\AndroidManifest.xml:11:22-76
17    <uses-permission android:name="android.permission.ACCESS_COARSE_LOCATION" />
17-->src\main\AndroidManifest.xml:12:5-81
17-->src\main\AndroidManifest.xml:12:22-78
18    <uses-permission android:name="android.permission.INTERNET" />
18-->src\main\AndroidManifest.xml:13:5-67
18-->src\main\AndroidManifest.xml:13:22-64
19    <uses-permission
19-->src\main\AndroidManifest.xml:14:5-16:40
20        android:name="android.permission.WRITE_EXTERNAL_STORAGE"
20-->src\main\AndroidManifest.xml:14:22-78
21        android:maxSdkVersion="32" />
21-->src\main\AndroidManifest.xml:15:9-35
22    <uses-permission android:name="android.permission.ACCESS_NETWORK_STATE" />
22-->src\main\AndroidManifest.xml:17:5-79
22-->src\main\AndroidManifest.xml:17:22-76
23    <uses-permission android:name="android.permission.RECORD_AUDIO" />
23-->src\main\AndroidManifest.xml:18:5-71
23-->src\main\AndroidManifest.xml:18:22-68
24    <uses-permission
24-->src\main\AndroidManifest.xml:19:5-20:38
25        android:name="android.permission.READ_EXTERNAL_STORAGE"
25-->src\main\AndroidManifest.xml:19:22-77
26        android:maxSdkVersion="32" />
26-->src\main\AndroidManifest.xml:20:9-35
27    <uses-permission android:name="android.permission.FOREGROUND_SERVICE" />
27-->src\main\AndroidManifest.xml:21:5-77
27-->src\main\AndroidManifest.xml:21:22-74
28    <uses-permission android:name="android.permission.WRITE_SETTINGS" />
28-->src\main\AndroidManifest.xml:22:5-73
28-->src\main\AndroidManifest.xml:22:22-70
29    <uses-permission android:name="android.permission.WRITE_SECURE_SETTINGS" />
29-->src\main\AndroidManifest.xml:23:5-80
29-->src\main\AndroidManifest.xml:23:22-77
30    <uses-permission android:name="android.permission.CALL_PHONE" />
30-->src\main\AndroidManifest.xml:24:5-69
30-->src\main\AndroidManifest.xml:24:22-66
31
32    <permission
32-->src\main\AndroidManifest.xml:26:5-28:37
33        android:name="android.permission.BLUETOOTH"
33-->src\main\AndroidManifest.xml:27:9-52
34        android:label="BLUETOOTH" />
34-->src\main\AndroidManifest.xml:28:9-34
35    <permission android:name="android.permission.BLUETOOTH_ADMIN" />
35-->src\main\AndroidManifest.xml:29:5-69
35-->src\main\AndroidManifest.xml:29:17-66
36
37    <uses-permission android:name="android.permission.FOREGROUND_SERVICE" />
37-->src\main\AndroidManifest.xml:21:5-77
37-->src\main\AndroidManifest.xml:21:22-74
38    <uses-permission
38-->src\main\AndroidManifest.xml:32:5-34:44
39        android:name="android.permission.INTERACT_ACROSS_USERS_FULL"
39-->src\main\AndroidManifest.xml:33:9-69
40        android:protectionLevel="normal" />
40-->src\main\AndroidManifest.xml:34:9-41
41    <uses-permission android:name="android.permission.CHANGE_WIFI_STATE" />
41-->src\main\AndroidManifest.xml:35:5-76
41-->src\main\AndroidManifest.xml:35:22-73
42    <uses-permission android:name="android.permission.CHANGE_NETWORK_STATE" />
42-->src\main\AndroidManifest.xml:36:5-79
42-->src\main\AndroidManifest.xml:36:22-76
43
44    <uses-feature android:name="android.hardware.camera" />
44-->src\main\AndroidManifest.xml:37:5-60
44-->src\main\AndroidManifest.xml:37:19-57
45    <uses-feature android:name="android.hardware.camera.autofocus" />
45-->src\main\AndroidManifest.xml:38:5-70
45-->src\main\AndroidManifest.xml:38:19-67
46    <uses-feature
46-->src\main\AndroidManifest.xml:39:5-41:36
47        android:name="android.hardware.camera.flash"
47-->src\main\AndroidManifest.xml:40:9-53
48        android:required="false" />
48-->src\main\AndroidManifest.xml:41:9-33
49    <uses-feature
49-->src\main\AndroidManifest.xml:42:5-44:36
50        android:name="android.hardware.camera.front"
50-->src\main\AndroidManifest.xml:43:9-53
51        android:required="false" />
51-->src\main\AndroidManifest.xml:44:9-33
52
53    <uses-permission android:name="android.permission.CAMERA" />
53-->src\main\AndroidManifest.xml:46:5-65
53-->src\main\AndroidManifest.xml:46:22-62
54    <uses-permission android:name="android.permission.WAKE_LOCK" />
54-->[net.gotev:uploadservice:3.2.3] AndroidManifest.xml:14:5-68
54-->[net.gotev:uploadservice:3.2.3] AndroidManifest.xml:14:22-65
55    <uses-permission android:name="com.google.android.finsky.permission.BIND_GET_INSTALL_REFERRER_SERVICE" />
55-->[com.google.android.gms:play-services-measurement:19.0.1] AndroidManifest.xml:26:5-110
55-->[com.google.android.gms:play-services-measurement:19.0.1] AndroidManifest.xml:26:22-107
56
57    <uses-feature
57-->[com.journeyapps:zxing-android-embedded:4.2.0] AndroidManifest.xml:39:5-41:36
58        android:name="android.hardware.screen.landscape"
58-->[com.journeyapps:zxing-android-embedded:4.2.0] AndroidManifest.xml:40:9-57
59        android:required="false" />
59-->[com.journeyapps:zxing-android-embedded:4.2.0] AndroidManifest.xml:41:9-33
60    <uses-feature
60-->[com.journeyapps:zxing-android-embedded:4.2.0] AndroidManifest.xml:42:5-44:36
61        android:name="android.hardware.wifi"
61-->[com.journeyapps:zxing-android-embedded:4.2.0] AndroidManifest.xml:43:9-45
62        android:required="false" />
62-->[com.journeyapps:zxing-android-embedded:4.2.0] AndroidManifest.xml:44:9-33
63
64    <application
64-->src\main\AndroidManifest.xml:48:5-440:19
65        android:name="com.fieldmobility.igl.Helper.AppController"
65-->src\main\AndroidManifest.xml:49:9-45
66        android:allowBackup="true"
66-->src\main\AndroidManifest.xml:50:9-35
67        android:appComponentFactory="androidx.core.app.CoreComponentFactory"
67-->[androidx.core:core:1.5.0] AndroidManifest.xml:24:18-86
68        android:extractNativeLibs="false"
69        android:hardwareAccelerated="true"
69-->src\main\AndroidManifest.xml:51:9-43
70        android:icon="@mipmap/ic_launcher"
70-->src\main\AndroidManifest.xml:52:9-43
71        android:label="@string/app_name"
71-->src\main\AndroidManifest.xml:53:9-41
72        android:largeHeap="true"
72-->src\main\AndroidManifest.xml:54:9-33
73        android:requestLegacyExternalStorage="true"
73-->src\main\AndroidManifest.xml:55:9-52
74        android:roundIcon="@mipmap/ic_launcher_round"
74-->src\main\AndroidManifest.xml:56:9-54
75        android:supportsRtl="true"
75-->src\main\AndroidManifest.xml:57:9-35
76        android:theme="@style/AppTheme"
76-->src\main\AndroidManifest.xml:58:9-40
77        android:usesCleartextTraffic="true" >
77-->src\main\AndroidManifest.xml:59:9-44
78        <activity
78-->src\main\AndroidManifest.xml:60:9-62:40
79            android:name="com.fieldmobility.igl.Activity.DocumentStatusActivity"
79-->src\main\AndroidManifest.xml:61:13-60
80            android:exported="false" />
80-->src\main\AndroidManifest.xml:62:13-37
81        <activity
81-->src\main\AndroidManifest.xml:63:9-65:40
82            android:name="com.fieldmobility.igl.Activity.OtpActivity"
82-->src\main\AndroidManifest.xml:64:13-49
83            android:exported="false" />
83-->src\main\AndroidManifest.xml:65:13-37
84        <activity
84-->src\main\AndroidManifest.xml:66:9-68:40
85            android:name="com.fieldmobility.igl.Activity.NgSupStartup"
85-->src\main\AndroidManifest.xml:67:13-50
86            android:exported="false" />
86-->src\main\AndroidManifest.xml:68:13-37
87        <activity
87-->src\main\AndroidManifest.xml:69:9-73:59
88            android:name="com.fieldmobility.igl.Mdpe.MdpeDeclinedDpr"
88-->src\main\AndroidManifest.xml:70:13-49
89            android:exported="false"
89-->src\main\AndroidManifest.xml:71:13-37
90            android:screenOrientation="portrait"
90-->src\main\AndroidManifest.xml:72:13-49
91            android:theme="@style/AppTheme.NoActionBar" />
91-->src\main\AndroidManifest.xml:73:13-56
92        <activity
92-->src\main\AndroidManifest.xml:74:9-78:59
93            android:name="com.fieldmobility.igl.Mdpe.Mdpe_Sup_Host"
93-->src\main\AndroidManifest.xml:75:13-47
94            android:exported="false"
94-->src\main\AndroidManifest.xml:76:13-37
95            android:label="@string/title_activity_mdpe_sup_host"
95-->src\main\AndroidManifest.xml:77:13-65
96            android:theme="@style/AppTheme.NoActionBar" />
96-->src\main\AndroidManifest.xml:78:13-56
97        <activity
97-->src\main\AndroidManifest.xml:79:9-81:39
98            android:name="com.fieldmobility.igl.Complain.ComplainGirm"
98-->src\main\AndroidManifest.xml:80:13-50
99            android:exported="true" />
99-->src\main\AndroidManifest.xml:81:13-36
100        <activity
100-->src\main\AndroidManifest.xml:82:9-84:39
101            android:name="com.fieldmobility.igl.Complain.CompSupStatus"
101-->src\main\AndroidManifest.xml:83:13-51
102            android:exported="true" />
102-->src\main\AndroidManifest.xml:84:13-36
103        <activity
103-->src\main\AndroidManifest.xml:85:9-87:39
104            android:name="com.fieldmobility.igl.Complain.ComplainTpiApproval"
104-->src\main\AndroidManifest.xml:86:13-57
105            android:exported="true" />
105-->src\main\AndroidManifest.xml:87:13-36
106        <activity
106-->src\main\AndroidManifest.xml:88:9-90:39
107            android:name="com.fieldmobility.igl.Complain.ComplaintSup"
107-->src\main\AndroidManifest.xml:89:13-50
108            android:exported="true" />
108-->src\main\AndroidManifest.xml:90:13-36
109        <activity
109-->src\main\AndroidManifest.xml:91:9-93:39
110            android:name="com.fieldmobility.igl.Mdpe.MdpeTpiApproval"
110-->src\main\AndroidManifest.xml:92:13-49
111            android:exported="true" />
111-->src\main\AndroidManifest.xml:93:13-36
112        <activity
112-->src\main\AndroidManifest.xml:94:9-96:39
113            android:name="com.fieldmobility.igl.Mdpe.MdpeTpiDpr"
113-->src\main\AndroidManifest.xml:95:13-44
114            android:exported="true" />
114-->src\main\AndroidManifest.xml:96:13-36
115        <activity
115-->src\main\AndroidManifest.xml:97:9-99:39
116            android:name="com.fieldmobility.igl.Mdpe.MdpeTpiPending"
116-->src\main\AndroidManifest.xml:98:13-48
117            android:exported="true" />
117-->src\main\AndroidManifest.xml:99:13-36
118        <activity
118-->src\main\AndroidManifest.xml:100:9-111:20
119            android:name="com.fieldmobility.igl.Mdpe.MdpeTiles"
119-->src\main\AndroidManifest.xml:101:13-43
120            android:exported="true" >
120-->src\main\AndroidManifest.xml:102:13-36
121
122            <!--
123            <intent-filter>
124                <action android:name="android.intent.action.MAIN" />
125
126                <category android:name="android.intent.category.LAUNCHER" />
127            </intent-filter>
128            -->
129        </activity>
130        <activity
130-->src\main\AndroidManifest.xml:112:9-114:39
131            android:name="com.fieldmobility.igl.Mdpe.Mdpe_Tpi_Host"
131-->src\main\AndroidManifest.xml:113:13-47
132            android:exported="true" />
132-->src\main\AndroidManifest.xml:114:13-36
133        <activity
133-->src\main\AndroidManifest.xml:115:9-117:39
134            android:name="com.fieldmobility.igl.MITDtoRFC.MITD_Approval"
134-->src\main\AndroidManifest.xml:116:13-52
135            android:exported="true" />
135-->src\main\AndroidManifest.xml:117:13-36
136        <activity
136-->src\main\AndroidManifest.xml:118:9-120:39
137            android:name="com.fieldmobility.igl.MITDtoRFC.MITD_Done"
137-->src\main\AndroidManifest.xml:119:13-48
138            android:exported="true" />
138-->src\main\AndroidManifest.xml:120:13-36
139        <activity
139-->src\main\AndroidManifest.xml:121:9-123:39
140            android:name="com.fieldmobility.igl.MITDtoRFC.MITD_ApprovalList"
140-->src\main\AndroidManifest.xml:122:13-56
141            android:exported="true" />
141-->src\main\AndroidManifest.xml:123:13-36
142        <activity
142-->src\main\AndroidManifest.xml:124:9-126:39
143            android:name="com.fieldmobility.igl.MITDtoRFC.MITD_PendingList"
143-->src\main\AndroidManifest.xml:125:13-55
144            android:exported="true" />
144-->src\main\AndroidManifest.xml:126:13-36
145        <activity
145-->src\main\AndroidManifest.xml:127:9-131:59
146            android:name="com.fieldmobility.igl.MITDtoRFC.Tab_Host_MitdTpi"
146-->src\main\AndroidManifest.xml:128:13-55
147            android:exported="true"
147-->src\main\AndroidManifest.xml:129:13-36
148            android:label="@string/title_activity_tab_host_mitd_tpi"
148-->src\main\AndroidManifest.xml:130:13-69
149            android:theme="@style/AppTheme.NoActionBar" />
149-->src\main\AndroidManifest.xml:131:13-56
150        <activity
150-->src\main\AndroidManifest.xml:132:9-134:39
151            android:name="com.fieldmobility.igl.MITDtoRFC.MitdOther"
151-->src\main\AndroidManifest.xml:133:13-48
152            android:exported="true" />
152-->src\main\AndroidManifest.xml:134:13-36
153        <activity
153-->src\main\AndroidManifest.xml:135:9-137:39
154            android:name="com.fieldmobility.igl.MITDtoRFC.MitdOwn"
154-->src\main\AndroidManifest.xml:136:13-46
155            android:exported="true" />
155-->src\main\AndroidManifest.xml:137:13-36
156        <activity
156-->src\main\AndroidManifest.xml:138:9-140:39
157            android:name="com.fieldmobility.igl.Activity.Floor_Annexure"
157-->src\main\AndroidManifest.xml:139:13-52
158            android:exported="true" />
158-->src\main\AndroidManifest.xml:140:13-36
159        <activity
159-->src\main\AndroidManifest.xml:141:9-143:39
160            android:name="com.fieldmobility.igl.Activity.Address_Annexure"
160-->src\main\AndroidManifest.xml:142:13-54
161            android:exported="true" />
161-->src\main\AndroidManifest.xml:143:13-36
162        <activity
162-->src\main\AndroidManifest.xml:144:9-146:39
163            android:name="com.fieldmobility.igl.Activity.TPI_Module"
163-->src\main\AndroidManifest.xml:145:13-48
164            android:exported="true" />
164-->src\main\AndroidManifest.xml:146:13-36
165        <activity
165-->src\main\AndroidManifest.xml:147:9-149:39
166            android:name="com.fieldmobility.igl.Riser.activity.RiserTpiApprovalDetailActivity"
166-->src\main\AndroidManifest.xml:148:13-74
167            android:exported="true" />
167-->src\main\AndroidManifest.xml:149:13-36
168        <activity android:name="com.fieldmobility.igl.Riser.activity.RiserTpiApprovalActivity" />
168-->src\main\AndroidManifest.xml:150:9-77
168-->src\main\AndroidManifest.xml:150:19-74
169        <activity android:name="com.fieldmobility.igl.Riser.activity.RiserTpiPendingActivity" />
169-->src\main\AndroidManifest.xml:151:9-76
169-->src\main\AndroidManifest.xml:151:19-73
170        <activity
170-->src\main\AndroidManifest.xml:152:9-154:52
171            android:name="com.fieldmobility.igl.Riser.activity.RiserFormActivity"
171-->src\main\AndroidManifest.xml:153:13-61
172            android:screenOrientation="portrait" />
172-->src\main\AndroidManifest.xml:154:13-49
173        <activity
173-->src\main\AndroidManifest.xml:155:9-158:63
174            android:name="com.fieldmobility.igl.Activity.MITDDoneActivity"
174-->src\main\AndroidManifest.xml:156:13-54
175            android:screenOrientation="portrait"
175-->src\main\AndroidManifest.xml:157:13-49
176            android:windowSoftInputMode="stateAlwaysHidden" />
176-->src\main\AndroidManifest.xml:158:13-60
177        <activity android:name="com.fieldmobility.igl.Activity.NICustomerActivity" />
177-->src\main\AndroidManifest.xml:159:9-65
177-->src\main\AndroidManifest.xml:159:19-62
178        <activity android:name="com.fieldmobility.igl.Mdpe.Mdpe_List_Activity" />
178-->src\main\AndroidManifest.xml:160:9-61
178-->src\main\AndroidManifest.xml:160:19-58
179        <activity android:name="com.fieldmobility.igl.Riser.activity.RiserListActivity" />
179-->src\main\AndroidManifest.xml:161:9-70
179-->src\main\AndroidManifest.xml:161:19-67
180        <activity
180-->src\main\AndroidManifest.xml:162:9-164:52
181            android:name="com.fieldmobility.igl.Activity.KYC_VerificationDetails"
181-->src\main\AndroidManifest.xml:163:13-61
182            android:screenOrientation="portrait" />
182-->src\main\AndroidManifest.xml:164:13-49
183        <activity android:name="com.fieldmobility.igl.Activity.CustomScannerActivity" />
183-->src\main\AndroidManifest.xml:165:9-68
183-->src\main\AndroidManifest.xml:165:19-65
184        <activity android:name="com.fieldmobility.igl.Activity.CustomPdfViewActivity" />
184-->src\main\AndroidManifest.xml:166:9-68
184-->src\main\AndroidManifest.xml:166:19-65
185        <activity android:name="com.fieldmobility.igl.Activity.NgUserClaimListActivity" />
185-->src\main\AndroidManifest.xml:167:9-70
185-->src\main\AndroidManifest.xml:167:19-67
186        <activity android:name="com.fieldmobility.igl.Activity.NgSupDoneActivity" />
186-->src\main\AndroidManifest.xml:168:9-64
186-->src\main\AndroidManifest.xml:168:19-61
187        <activity android:name="com.fieldmobility.igl.Activity.NgSupUserDetailsActivity" />
187-->src\main\AndroidManifest.xml:169:9-71
187-->src\main\AndroidManifest.xml:169:19-68
188        <activity android:name="com.fieldmobility.igl.Activity.NgSupListActivity" />
188-->src\main\AndroidManifest.xml:170:9-64
188-->src\main\AndroidManifest.xml:170:19-61
189        <activity
189-->src\main\AndroidManifest.xml:171:9-173:52
190            android:name="com.fieldmobility.igl.Activity.NICListing"
190-->src\main\AndroidManifest.xml:172:13-48
191            android:screenOrientation="portrait" />
191-->src\main\AndroidManifest.xml:173:13-49
192        <activity android:name="com.fieldmobility.igl.Activity.ViewNgDetaillsActivity" />
192-->src\main\AndroidManifest.xml:174:9-69
192-->src\main\AndroidManifest.xml:174:19-66
193        <activity android:name="com.fieldmobility.igl.Activity.PMC_ViewPager_Activity" />
193-->src\main\AndroidManifest.xml:175:9-69
193-->src\main\AndroidManifest.xml:175:19-66
194        <activity
194-->src\main\AndroidManifest.xml:176:9-185:20
195            android:name="com.fieldmobility.igl.Activity.Splash_Screen"
195-->src\main\AndroidManifest.xml:177:13-51
196            android:exported="true"
196-->src\main\AndroidManifest.xml:178:13-36
197            android:screenOrientation="portrait" >
197-->src\main\AndroidManifest.xml:179:13-49
198            <intent-filter>
198-->src\main\AndroidManifest.xml:180:13-184:29
199                <action android:name="android.intent.action.MAIN" />
199-->src\main\AndroidManifest.xml:181:17-69
199-->src\main\AndroidManifest.xml:181:25-66
200
201                <category android:name="android.intent.category.LAUNCHER" />
201-->src\main\AndroidManifest.xml:183:17-77
201-->src\main\AndroidManifest.xml:183:27-74
202            </intent-filter>
203        </activity>
204        <activity
204-->src\main\AndroidManifest.xml:186:9-189:58
205            android:name="com.fieldmobility.igl.Activity.Login_Activity"
205-->src\main\AndroidManifest.xml:187:13-52
206            android:screenOrientation="portrait"
206-->src\main\AndroidManifest.xml:188:13-49
207            android:windowSoftInputMode="adjustResize" />
207-->src\main\AndroidManifest.xml:189:13-55
208        <activity
208-->src\main\AndroidManifest.xml:191:9-193:52
209            android:name="com.fieldmobility.igl.Activity.Sign_Up_Activty"
209-->src\main\AndroidManifest.xml:192:13-53
210            android:screenOrientation="portrait" />
210-->src\main\AndroidManifest.xml:193:13-49
211        <activity
211-->src\main\AndroidManifest.xml:194:9-196:52
212            android:name="com.fieldmobility.igl.Activity.Regestar_View_Pager"
212-->src\main\AndroidManifest.xml:195:13-57
213            android:screenOrientation="portrait" />
213-->src\main\AndroidManifest.xml:196:13-49
214        <activity
214-->src\main\AndroidManifest.xml:197:9-199:52
215            android:name="com.fieldmobility.igl.Activity.HomePage_Activity"
215-->src\main\AndroidManifest.xml:198:13-55
216            android:screenOrientation="portrait" />
216-->src\main\AndroidManifest.xml:199:13-49
217        <activity
217-->src\main\AndroidManifest.xml:200:9-202:52
218            android:name="com.fieldmobility.igl.MainActivity"
218-->src\main\AndroidManifest.xml:201:13-41
219            android:screenOrientation="portrait" />
219-->src\main\AndroidManifest.xml:202:13-49
220        <activity
220-->src\main\AndroidManifest.xml:203:9-205:52
221            android:name="com.fieldmobility.igl.Activity.Attendance_Activity"
221-->src\main\AndroidManifest.xml:204:13-57
222            android:screenOrientation="portrait" />
222-->src\main\AndroidManifest.xml:205:13-49
223        <activity
223-->src\main\AndroidManifest.xml:206:9-208:52
224            android:name="com.fieldmobility.igl.Activity.Activities_Activity"
224-->src\main\AndroidManifest.xml:207:13-57
225            android:screenOrientation="portrait" />
225-->src\main\AndroidManifest.xml:208:13-49
226        <activity
226-->src\main\AndroidManifest.xml:209:9-211:52
227            android:name="com.fieldmobility.igl.Activity.TPI_RfcHold_Approval_Activity"
227-->src\main\AndroidManifest.xml:210:13-67
228            android:screenOrientation="portrait" />
228-->src\main\AndroidManifest.xml:211:13-49
229        <activity
229-->src\main\AndroidManifest.xml:212:9-214:52
230            android:name="com.fieldmobility.igl.Activity.TPI_RfcDone_Approval_Activity"
230-->src\main\AndroidManifest.xml:213:13-67
231            android:screenOrientation="portrait" />
231-->src\main\AndroidManifest.xml:214:13-49
232        <activity
232-->src\main\AndroidManifest.xml:215:9-217:52
233            android:name="com.fieldmobility.igl.Activity.Learning_Activity"
233-->src\main\AndroidManifest.xml:216:13-55
234            android:screenOrientation="portrait" />
234-->src\main\AndroidManifest.xml:217:13-49
235        <activity
235-->src\main\AndroidManifest.xml:218:9-220:52
236            android:name="com.fieldmobility.igl.Activity.To_DoList_Activity"
236-->src\main\AndroidManifest.xml:219:13-56
237            android:screenOrientation="portrait" />
237-->src\main\AndroidManifest.xml:220:13-49
238        <activity
238-->src\main\AndroidManifest.xml:221:9-223:52
239            android:name="com.fieldmobility.igl.Activity.Location_Activity"
239-->src\main\AndroidManifest.xml:222:13-55
240            android:screenOrientation="portrait" />
240-->src\main\AndroidManifest.xml:223:13-49
241        <activity
241-->src\main\AndroidManifest.xml:224:9-226:52
242            android:name="com.fieldmobility.igl.Activity.Selfie_Activity"
242-->src\main\AndroidManifest.xml:225:13-53
243            android:screenOrientation="portrait" />
243-->src\main\AndroidManifest.xml:226:13-49
244        <activity
244-->src\main\AndroidManifest.xml:227:9-229:52
245            android:name="com.fieldmobility.igl.Activity.Task_List_Astivity"
245-->src\main\AndroidManifest.xml:228:13-56
246            android:screenOrientation="portrait" />
246-->src\main\AndroidManifest.xml:229:13-49
247        <activity
247-->src\main\AndroidManifest.xml:230:9-232:52
248            android:name="com.fieldmobility.igl.Activity.New_Regestration"
248-->src\main\AndroidManifest.xml:231:13-54
249            android:screenOrientation="portrait" />
249-->src\main\AndroidManifest.xml:232:13-49
250        <activity
250-->src\main\AndroidManifest.xml:233:9-235:52
251            android:name="com.fieldmobility.igl.Activity.Kyc_Form_Activity"
251-->src\main\AndroidManifest.xml:234:13-55
252            android:screenOrientation="portrait" />
252-->src\main\AndroidManifest.xml:235:13-49
253        <activity
253-->src\main\AndroidManifest.xml:236:9-238:52
254            android:name="com.fieldmobility.igl.Activity.KycResubmissionActivity"
254-->src\main\AndroidManifest.xml:237:13-61
255            android:screenOrientation="portrait" />
255-->src\main\AndroidManifest.xml:238:13-49
256        <activity
256-->src\main\AndroidManifest.xml:239:9-241:52
257            android:name="com.fieldmobility.igl.Activity.KYC_Pending_Activity"
257-->src\main\AndroidManifest.xml:240:13-58
258            android:screenOrientation="portrait" />
258-->src\main\AndroidManifest.xml:241:13-49
259        <activity
259-->src\main\AndroidManifest.xml:242:9-244:52
260            android:name="com.fieldmobility.igl.Activity.BP_Creation_Form"
260-->src\main\AndroidManifest.xml:243:13-54
261            android:screenOrientation="portrait" />
261-->src\main\AndroidManifest.xml:244:13-49
262        <activity
262-->src\main\AndroidManifest.xml:245:9-248:52
263            android:name="com.fieldmobility.igl.Activity.BP_Creation_Form_step2"
263-->src\main\AndroidManifest.xml:246:13-60
264            android:configChanges="orientation|keyboardHidden|screenSize"
264-->src\main\AndroidManifest.xml:247:13-74
265            android:screenOrientation="portrait" />
265-->src\main\AndroidManifest.xml:248:13-49
266        <activity
266-->src\main\AndroidManifest.xml:249:9-251:52
267            android:name="com.fieldmobility.igl.Activity.BP_No_Listing"
267-->src\main\AndroidManifest.xml:250:13-51
268            android:screenOrientation="portrait" />
268-->src\main\AndroidManifest.xml:251:13-49
269        <activity
269-->src\main\AndroidManifest.xml:252:9-254:52
270            android:name="com.fieldmobility.igl.Activity.BP_No_Resubmition_Listing"
270-->src\main\AndroidManifest.xml:253:13-63
271            android:screenOrientation="portrait" />
271-->src\main\AndroidManifest.xml:254:13-49
272        <activity
272-->src\main\AndroidManifest.xml:255:9-257:52
273            android:name="com.fieldmobility.igl.Activity.Bp_Created_Detail"
273-->src\main\AndroidManifest.xml:256:13-55
274            android:screenOrientation="portrait" />
274-->src\main\AndroidManifest.xml:257:13-49
275        <activity
275-->src\main\AndroidManifest.xml:258:9-260:52
276            android:name="com.fieldmobility.igl.Activity.DocumentResumissionDetail"
276-->src\main\AndroidManifest.xml:259:13-63
277            android:screenOrientation="portrait" />
277-->src\main\AndroidManifest.xml:260:13-49
278        <activity
278-->src\main\AndroidManifest.xml:261:9-263:52
279            android:name="com.fieldmobility.igl.Activity.DocumentsResubmitStep2"
279-->src\main\AndroidManifest.xml:262:13-60
280            android:screenOrientation="portrait" />
280-->src\main\AndroidManifest.xml:263:13-49
281        <activity
281-->src\main\AndroidManifest.xml:264:9-266:52
282            android:name="com.fieldmobility.igl.Activity.NG_Connection_Activity"
282-->src\main\AndroidManifest.xml:265:13-60
283            android:screenOrientation="portrait" />
283-->src\main\AndroidManifest.xml:266:13-49
284        <activity
284-->src\main\AndroidManifest.xml:267:9-269:52
285            android:name="com.fieldmobility.igl.Activity.RFC_Connection_Activity"
285-->src\main\AndroidManifest.xml:268:13-61
286            android:screenOrientation="portrait" />
286-->src\main\AndroidManifest.xml:269:13-49
287        <activity
287-->src\main\AndroidManifest.xml:270:9-272:52
288            android:name="com.fieldmobility.igl.Activity.To_Do_Task_Creation"
288-->src\main\AndroidManifest.xml:271:13-57
289            android:screenOrientation="portrait" />
289-->src\main\AndroidManifest.xml:272:13-49
290        <activity
290-->src\main\AndroidManifest.xml:273:9-275:52
291            android:name="com.fieldmobility.igl.Activity.Leave_Approval_Activity"
291-->src\main\AndroidManifest.xml:274:13-61
292            android:screenOrientation="portrait" />
292-->src\main\AndroidManifest.xml:275:13-49
293        <activity
293-->src\main\AndroidManifest.xml:276:9-278:52
294            android:name="com.fieldmobility.igl.Activity.TPI_Connection_Activity"
294-->src\main\AndroidManifest.xml:277:13-61
295            android:screenOrientation="portrait" />
295-->src\main\AndroidManifest.xml:278:13-49
296        <activity
296-->src\main\AndroidManifest.xml:279:9-281:52
297            android:name="com.fieldmobility.igl.Activity.View_Leave_LIsting_Activity"
297-->src\main\AndroidManifest.xml:280:13-65
298            android:screenOrientation="portrait" />
298-->src\main\AndroidManifest.xml:281:13-49
299        <activity
299-->src\main\AndroidManifest.xml:282:9-284:52
300            android:name="com.fieldmobility.igl.Activity.View_Attendance_Activity"
300-->src\main\AndroidManifest.xml:283:13-62
301            android:screenOrientation="portrait" />
301-->src\main\AndroidManifest.xml:284:13-49
302        <activity
302-->src\main\AndroidManifest.xml:285:9-287:52
303            android:name="com.fieldmobility.igl.Activity.TPI_Connection_Lisitng"
303-->src\main\AndroidManifest.xml:286:13-60
304            android:screenOrientation="portrait" />
304-->src\main\AndroidManifest.xml:287:13-49
305        <activity
305-->src\main\AndroidManifest.xml:288:9-290:52
306            android:name="com.fieldmobility.igl.Activity.RFC_Connection_Listing"
306-->src\main\AndroidManifest.xml:289:13-60
307            android:screenOrientation="portrait" />
307-->src\main\AndroidManifest.xml:290:13-49
308        <activity
308-->src\main\AndroidManifest.xml:291:9-293:52
309            android:name="com.fieldmobility.igl.Activity.TPI_ViewPager_Activity"
309-->src\main\AndroidManifest.xml:292:13-60